0 info it worked if it ends with ok
1 verbose cli [ 'node', '/usr/local/bin/npm', 'start' ]
2 info using npm@1.2.14
3 info using node@v0.10.0
4 verbose read json /Users/feliciaogarro/projects/angular_signs/package.json
5 verbose run-script [ 'prestart', 'start', 'poststart' ]
6 info prestart angular-seed@0.0.0
7 info start angular-seed@0.0.0
8 verbose unsafe-perm in lifecycle true
9 silly exec sh "-c" "http-server -p 8000"
10 silly sh,-c,http-server -p 8000,/Users/feliciaogarro/projects/angular_signs spawning
11 info angular-seed@0.0.0 Failed to exec start script
12 error angular-seed@0.0.0 start: `http-server -p 8000`
12 error `sh "-c" "http-server -p 8000"` failed with 8
13 error Failed at the angular-seed@0.0.0 start script.
13 error This is most likely a problem with the angular-seed package,
13 error not with npm itself.
13 error Tell the author that this fails on your system:
13 error     http-server -p 8000
13 error You can get their info via:
13 error     npm owner ls angular-seed
13 error There is likely additional logging output above.
14 error System Darwin 12.5.0
15 error command "node" "/usr/local/bin/npm" "start"
16 error cwd /Users/feliciaogarro/projects/angular_signs
17 error node -v v0.10.0
18 error npm -v 1.2.14
19 error code ELIFECYCLE
20 verbose exit [ 1, true ]
